<?xml version="1.0" encoding="UTF-8"?>
<!-- Generated by org.testng.reporters.JUnitXMLReporter -->
<testsuite ignored="0" hostname="Atris-MacBook-Pro-2.local" failures="0" tests="5" name="Regression1" time="14.508" errors="0" timestamp="01 Aug 2019 06:17:08 GMT">
  <testcase classname="com.oracle.qa.testetsngflow" name="testForm" time="3.708"/>
  <testcase classname="com.oracle.qa.testetsngflow" name="testForm" time="1.935"/>
  <testcase classname="com.oracle.qa.testetsngflow" name="testForm" time="1.817"/>
  <testcase classname="com.oracle.qa.testetsngflow" name="testForm" time="1.824"/>
  <testcase classname="com.oracle.qa.testetsngflow" name="testAutocomplete" time="1.474"/>
</testsuite> <!-- Regression1 -->
