<?xml version="1.0" encoding="UTF-8"?>
<testng-results ignored="0" total="5" passed="5" failed="0" skipped="0">
  <reporter-output>
  </reporter-output>
  <suite started-at="2019-07-31T13:25:27Z" name="Suite1" finished-at="2019-07-31T13:25:46Z" duration-ms="18411">
    <groups>
    </groups>
    <test started-at="2019-07-31T13:25:27Z" name="Regression1" finished-at="2019-07-31T13:25:46Z" duration-ms="18411">
      <class name="com.oracle.qa.testetsngflow">
        <test-method is-config="true" signature="invoke_browser(java.lang.String)[pri:0, instance:com.oracle.qa.testetsngflow@52bf72b5]" started-at="2019-07-31T13:25:27Z" name="invoke_browser" finished-at="2019-07-31T13:25:30Z" duration-ms="2962" status="PASS">
          <params>
            <param index="0">
              <value>
                <![CDATA[/Users/loaner/Downloads/chromedriver]]>
              </value>
            </param>
          </params>
          <reporter-output>
          </reporter-output>
        </test-method> <!-- invoke_browser -->
        <test-method signature="testForm(java.lang.String, java.lang.String, java.lang.String)[pri:1, instance:com.oracle.qa.testetsngflow@52bf72b5]" started-at="2019-07-31T13:25:32Z" name="testForm" data-provider="gettestdata" finished-at="2019-07-31T13:25:36Z" duration-ms="4401" status="PASS">
          <params>
            <param index="0">
              <value>
                <![CDATA[Arpita]]>
              </value>
            </param>
            <param index="1">
              <value>
                <![CDATA[Agarwal]]>
              </value>
            </param>
            <param index="2">
              <value>
                <![CDATA[QA]]>
              </value>
            </param>
          </params>
          <reporter-output>
          </reporter-output>
        </test-method> <!-- testForm -->
        <test-method signature="testForm(java.lang.String, java.lang.String, java.lang.String)[pri:1, instance:com.oracle.qa.testetsngflow@52bf72b5]" started-at="2019-07-31T13:25:36Z" name="testForm" data-provider="gettestdata" finished-at="2019-07-31T13:25:38Z" duration-ms="2348" status="PASS">
          <params>
            <param index="0">
              <value>
                <![CDATA[Bikram]]>
              </value>
            </param>
            <param index="1">
              <value>
                <![CDATA[Vikash]]>
              </value>
            </param>
            <param index="2">
              <value>
                <![CDATA[Mgr]]>
              </value>
            </param>
          </params>
          <reporter-output>
          </reporter-output>
        </test-method> <!-- testForm -->
        <test-method signature="testForm(java.lang.String, java.lang.String, java.lang.String)[pri:1, instance:com.oracle.qa.testetsngflow@52bf72b5]" started-at="2019-07-31T13:25:38Z" name="testForm" data-provider="gettestdata" finished-at="2019-07-31T13:25:41Z" duration-ms="2514" status="PASS">
          <params>
            <param index="0">
              <value>
                <![CDATA[Darsh]]>
              </value>
            </param>
            <param index="1">
              <value>
                <![CDATA[Poddar]]>
              </value>
            </param>
            <param index="2">
              <value>
                <![CDATA[student]]>
              </value>
            </param>
          </params>
          <reporter-output>
          </reporter-output>
        </test-method> <!-- testForm -->
        <test-method signature="testForm(java.lang.String, java.lang.String, java.lang.String)[pri:1, instance:com.oracle.qa.testetsngflow@52bf72b5]" started-at="2019-07-31T13:25:41Z" name="testForm" data-provider="gettestdata" finished-at="2019-07-31T13:25:43Z" duration-ms="2442" status="PASS">
          <params>
            <param index="0">
              <value>
                <![CDATA[Aarav]]>
              </value>
            </param>
            <param index="1">
              <value>
                <![CDATA[Poddar]]>
              </value>
            </param>
            <param index="2">
              <value>
                <![CDATA[student]]>
              </value>
            </param>
          </params>
          <reporter-output>
          </reporter-output>
        </test-method> <!-- testForm -->
        <test-method signature="testAutocomplete(java.lang.String)[pri:2, instance:com.oracle.qa.testetsngflow@52bf72b5]" started-at="2019-07-31T13:25:43Z" name="testAutocomplete" finished-at="2019-07-31T13:25:45Z" duration-ms="1912" status="PASS">
          <params>
            <param index="0">
              <value>
                <![CDATA[https://formy-project.herokuapp.com/autocomplete]]>
              </value>
            </param>
          </params>
          <reporter-output>
          </reporter-output>
        </test-method> <!-- testAutocomplete -->
        <test-method is-config="true" signature="quit_browser()[pri:0, instance:com.oracle.qa.testetsngflow@52bf72b5]" started-at="2019-07-31T13:25:45Z" name="quit_browser" finished-at="2019-07-31T13:25:46Z" duration-ms="185" status="PASS">
          <reporter-output>
          </reporter-output>
        </test-method> <!-- quit_browser -->
      </class> <!-- com.oracle.qa.testetsngflow -->
    </test> <!-- Regression1 -->
  </suite> <!-- Suite1 -->
</testng-results>
