<?xml version="1.0" encoding="UTF-8"?>
<testng-results ignored="0" total="5" passed="5" failed="0" skipped="0">
  <reporter-output>
  </reporter-output>
  <suite started-at="2019-08-01T06:16:53Z" name="Suite1" finished-at="2019-08-01T06:17:08Z" duration-ms="14508">
    <groups>
    </groups>
    <test started-at="2019-08-01T06:16:53Z" name="Regression1" finished-at="2019-08-01T06:17:08Z" duration-ms="14508">
      <class name="com.oracle.qa.testetsngflow">
        <test-method is-config="true" signature="invoke_browser(java.lang.String)[pri:0, instance:com.oracle.qa.testetsngflow@2a798d51]" started-at="2019-08-01T06:16:53Z" name="invoke_browser" finished-at="2019-08-01T06:16:56Z" duration-ms="2620" status="PASS">
          <params>
            <param index="0">
              <value>
                <![CDATA[/Users/loaner/Downloads/chromedriver]]>
              </value>
            </param>
          </params>
          <reporter-output>
          </reporter-output>
        </test-method> <!-- invoke_browser -->
        <test-method signature="testForm(java.lang.String, java.lang.String, java.lang.String)[pri:1, instance:com.oracle.qa.testetsngflow@2a798d51]" started-at="2019-08-01T06:16:57Z" name="testForm" data-provider="gettestdata" finished-at="2019-08-01T06:17:00Z" duration-ms="3708" status="PASS">
          <params>
            <param index="0">
              <value>
                <![CDATA[Arpita]]>
              </value>
            </param>
            <param index="1">
              <value>
                <![CDATA[Agarwal]]>
              </value>
            </param>
            <param index="2">
              <value>
                <![CDATA[QA]]>
              </value>
            </param>
          </params>
          <reporter-output>
          </reporter-output>
        </test-method> <!-- testForm -->
        <test-method signature="testForm(java.lang.String, java.lang.String, java.lang.String)[pri:1, instance:com.oracle.qa.testetsngflow@2a798d51]" started-at="2019-08-01T06:17:00Z" name="testForm" data-provider="gettestdata" finished-at="2019-08-01T06:17:02Z" duration-ms="1935" status="PASS">
          <params>
            <param index="0">
              <value>
                <![CDATA[Bikram]]>
              </value>
            </param>
            <param index="1">
              <value>
                <![CDATA[Vikash]]>
              </value>
            </param>
            <param index="2">
              <value>
                <![CDATA[Mgr]]>
              </value>
            </param>
          </params>
          <reporter-output>
          </reporter-output>
        </test-method> <!-- testForm -->
        <test-method signature="testForm(java.lang.String, java.lang.String, java.lang.String)[pri:1, instance:com.oracle.qa.testetsngflow@2a798d51]" started-at="2019-08-01T06:17:02Z" name="testForm" data-provider="gettestdata" finished-at="2019-08-01T06:17:04Z" duration-ms="1817" status="PASS">
          <params>
            <param index="0">
              <value>
                <![CDATA[Darsh]]>
              </value>
            </param>
            <param index="1">
              <value>
                <![CDATA[Poddar]]>
              </value>
            </param>
            <param index="2">
              <value>
                <![CDATA[student]]>
              </value>
            </param>
          </params>
          <reporter-output>
          </reporter-output>
        </test-method> <!-- testForm -->
        <test-method signature="testForm(java.lang.String, java.lang.String, java.lang.String)[pri:1, instance:com.oracle.qa.testetsngflow@2a798d51]" started-at="2019-08-01T06:17:04Z" name="testForm" data-provider="gettestdata" finished-at="2019-08-01T06:17:06Z" duration-ms="1824" status="PASS">
          <params>
            <param index="0">
              <value>
                <![CDATA[Aarav]]>
              </value>
            </param>
            <param index="1">
              <value>
                <![CDATA[Poddar]]>
              </value>
            </param>
            <param index="2">
              <value>
                <![CDATA[student]]>
              </value>
            </param>
          </params>
          <reporter-output>
          </reporter-output>
        </test-method> <!-- testForm -->
        <test-method signature="testAutocomplete(java.lang.String)[pri:2, instance:com.oracle.qa.testetsngflow@2a798d51]" started-at="2019-08-01T06:17:06Z" name="testAutocomplete" finished-at="2019-08-01T06:17:07Z" duration-ms="1474" status="PASS">
          <params>
            <param index="0">
              <value>
                <![CDATA[https://formy-project.herokuapp.com/autocomplete]]>
              </value>
            </param>
          </params>
          <reporter-output>
          </reporter-output>
        </test-method> <!-- testAutocomplete -->
        <test-method is-config="true" signature="quit_browser()[pri:0, instance:com.oracle.qa.testetsngflow@2a798d51]" started-at="2019-08-01T06:17:07Z" name="quit_browser" finished-at="2019-08-01T06:17:08Z" duration-ms="142" status="PASS">
          <reporter-output>
          </reporter-output>
        </test-method> <!-- quit_browser -->
      </class> <!-- com.oracle.qa.testetsngflow -->
    </test> <!-- Regression1 -->
  </suite> <!-- Suite1 -->
</testng-results>
